<?xml version="1.0" encoding="UTF-8"?>
<!-- Generated by org.testng.reporters.JUnitReportReporter -->
<testsuite hostname="Rohini" name="com.apex.google.login.GoogleLoginTest_NG" tests="2" failures="0" timestamp="13 Mar 2017 03:58:13 GMT" time="16.026" errors="0">
  <testcase name="testGoogleLoginWithBlankUserID" time="9.321" classname="com.apex.google.login.GoogleLoginTest_NG"/>
  <testcase name="testGoogleLoginWithFailedLogin" time="6.705" classname="com.apex.google.login.GoogleLoginTest_NG"/>
</testsuite> <!-- com.apex.google.login.GoogleLoginTest_NG -->
